<?xml version="1.0" encoding="UTF-8"?>
<robot generator="Robot 4.0.1 (Python 3.9.4 on win32)" generated="20210414 17:40:03.250" rpa="false" schemaversion="2">
<suite id="s1" name="TestSitePractice" source="C:\Projetos\SuiteSiteTestePractice\tests\TestSitePractice.robot">
<test id="s1-t1" name="Caso de Teste 01: Pesquisar produto existente">
<kw name="Abrir navegador" library="Resource" type="SETUP">
<kw name="Open Browser" library="SeleniumLibrary">
<arg>http://automationpractice.com</arg>
<arg>${BROWSER}</arg>
<doc>Opens a new browser instance to the optional ``url``.</doc>
<msg timestamp="20210414 17:40:03.502" level="INFO">Opening browser 'firefox' to base url 'http://automationpractice.com'.</msg>
<msg timestamp="20210414 17:40:03.503" level="INFO">Firefox driver log is always forced to to: C:\Projetos\SuiteSiteTestePractice\geckodriver-3.log</msg>
<status status="PASS" starttime="20210414 17:40:03.502" endtime="20210414 17:40:14.961"/>
</kw>
<status status="PASS" starttime="20210414 17:40:03.501" endtime="20210414 17:40:14.961"/>
</kw>
<kw name="Acessar a página home do site" library="Resource">
<kw name="Go To" library="SeleniumLibrary">
<arg>${URL}</arg>
<doc>Navigates the current browser window to the provided ``url``.</doc>
<msg timestamp="20210414 17:40:14.963" level="INFO">Opening url 'http://automationpractice.com'</msg>
<status status="PASS" starttime="20210414 17:40:14.963" endtime="20210414 17:40:18.042"/>
</kw>
<kw name="Title Should Be" library="SeleniumLibrary">
<arg>My Store</arg>
<doc>Verifies that the current page title equals ``title``.</doc>
<msg timestamp="20210414 17:40:18.047" level="INFO">Page title is 'My Store'.</msg>
<status status="PASS" starttime="20210414 17:40:18.042" endtime="20210414 17:40:18.047"/>
</kw>
<status status="PASS" starttime="20210414 17:40:14.962" endtime="20210414 17:40:18.047"/>
</kw>
<kw name="Digitar o nome do produto &quot;Blouse&quot; no campo de pesquisa" library="Resource" sourcename="Digitar o nome do produto &quot;${PRODUTO}&quot; no campo de pesquisa">
<kw name="Input Text" library="SeleniumLibrary">
<arg>name=search_query</arg>
<arg>${PRODUTO}</arg>
<doc>Types the given ``text`` into the text field identified by ``locator``.</doc>
<msg timestamp="20210414 17:40:18.049" level="INFO">Typing text 'Blouse' into text field 'name=search_query'.</msg>
<status status="PASS" starttime="20210414 17:40:18.049" endtime="20210414 17:40:18.105"/>
</kw>
<status status="PASS" starttime="20210414 17:40:18.048" endtime="20210414 17:40:18.106"/>
</kw>
<kw name="Clicar no botão Pesquisar" library="Resource">
<kw name="Click Element" library="SeleniumLibrary">
<arg>name=submit_search</arg>
<doc>Click the element identified by ``locator``.</doc>
<msg timestamp="20210414 17:40:18.108" level="INFO">Clicking element 'name=submit_search'.</msg>
<status status="PASS" starttime="20210414 17:40:18.108" endtime="20210414 17:40:19.730"/>
</kw>
<status status="PASS" starttime="20210414 17:40:18.107" endtime="20210414 17:40:19.730"/>
</kw>
<kw name="Conferir se o produto &quot;Blouse&quot; foi listado no site" library="Resource" sourcename="Conferir se o produto &quot;${PRODUTO}&quot; foi listado no site">
<kw name="Wait Until Element Is Visible" library="SeleniumLibrary">
<arg>css=#center_column &gt; h1</arg>
<doc>Waits until the element ``locator`` is visible.</doc>
<status status="PASS" starttime="20210414 17:40:19.732" endtime="20210414 17:40:19.765"/>
</kw>
<kw name="Title Should Be" library="SeleniumLibrary">
<arg>Search - My Store</arg>
<doc>Verifies that the current page title equals ``title``.</doc>
<msg timestamp="20210414 17:40:19.768" level="INFO">Page title is 'Search - My Store'.</msg>
<status status="PASS" starttime="20210414 17:40:19.765" endtime="20210414 17:40:19.768"/>
</kw>
<kw name="Page Should Contain Image" library="SeleniumLibrary">
<arg>xpath=//*[@id="center_column"]//*[@src='${URL}/img/p/7/7-home_default.jpg']</arg>
<doc>Verifies image identified by ``locator`` is found from current page.</doc>
<msg timestamp="20210414 17:40:19.783" level="INFO">Current page contains image 'xpath=//*[@id="center_column"]//*[@src='http://automationpractice.com/img/p/7/7-home_default.jpg']'.</msg>
<status status="PASS" starttime="20210414 17:40:19.769" endtime="20210414 17:40:19.783"/>
</kw>
<kw name="Page Should Contain Link" library="SeleniumLibrary">
<arg>xpath=//*[@id="center_column"]//a[@class="product-name"][contains(text(),"${PRODUTO}")]</arg>
<doc>Verifies link identified by ``locator`` is found from current page.</doc>
<msg timestamp="20210414 17:40:19.792" level="INFO">Current page contains link 'xpath=//*[@id="center_column"]//a[@class="product-name"][contains(text(),"Blouse")]'.</msg>
<status status="PASS" starttime="20210414 17:40:19.783" endtime="20210414 17:40:19.792"/>
</kw>
<status status="PASS" starttime="20210414 17:40:19.731" endtime="20210414 17:40:19.793"/>
</kw>
<kw name="Fechar navegador" library="Resource" type="TEARDOWN">
<kw name="Close Browser" library="SeleniumLibrary">
<doc>Closes the current browser.</doc>
<status status="PASS" starttime="20210414 17:40:19.794" endtime="20210414 17:40:20.778"/>
</kw>
<status status="PASS" starttime="20210414 17:40:19.793" endtime="20210414 17:40:20.778"/>
</kw>
<status status="PASS" starttime="20210414 17:40:03.500" endtime="20210414 17:40:20.779"/>
</test>
<test id="s1-t2" name="Caso de Teste 02: Procurar produto não existente">
<kw name="Abrir navegador" library="Resource" type="SETUP">
<kw name="Open Browser" library="SeleniumLibrary">
<arg>http://automationpractice.com</arg>
<arg>${BROWSER}</arg>
<doc>Opens a new browser instance to the optional ``url``.</doc>
<msg timestamp="20210414 17:40:20.782" level="INFO">Opening browser 'firefox' to base url 'http://automationpractice.com'.</msg>
<msg timestamp="20210414 17:40:20.783" level="INFO">Firefox driver log is always forced to to: C:\Projetos\SuiteSiteTestePractice\geckodriver-4.log</msg>
<status status="PASS" starttime="20210414 17:40:20.782" endtime="20210414 17:40:31.415"/>
</kw>
<status status="PASS" starttime="20210414 17:40:20.781" endtime="20210414 17:40:31.416"/>
</kw>
<kw name="Acessar a página home do site" library="Resource">
<kw name="Go To" library="SeleniumLibrary">
<arg>${URL}</arg>
<doc>Navigates the current browser window to the provided ``url``.</doc>
<msg timestamp="20210414 17:40:31.418" level="INFO">Opening url 'http://automationpractice.com'</msg>
<status status="PASS" starttime="20210414 17:40:31.417" endtime="20210414 17:40:34.346"/>
</kw>
<kw name="Title Should Be" library="SeleniumLibrary">
<arg>My Store</arg>
<doc>Verifies that the current page title equals ``title``.</doc>
<msg timestamp="20210414 17:40:34.356" level="INFO">Page title is 'My Store'.</msg>
<status status="PASS" starttime="20210414 17:40:34.346" endtime="20210414 17:40:34.356"/>
</kw>
<status status="PASS" starttime="20210414 17:40:31.416" endtime="20210414 17:40:34.357"/>
</kw>
<kw name="Digitar o nome do produto &quot;itemNãoExistente&quot; no campo de pesquisa" library="Resource" sourcename="Digitar o nome do produto &quot;${PRODUTO}&quot; no campo de pesquisa">
<kw name="Input Text" library="SeleniumLibrary">
<arg>name=search_query</arg>
<arg>${PRODUTO}</arg>
<doc>Types the given ``text`` into the text field identified by ``locator``.</doc>
<msg timestamp="20210414 17:40:34.358" level="INFO">Typing text 'itemNãoExistente' into text field 'name=search_query'.</msg>
<status status="PASS" starttime="20210414 17:40:34.358" endtime="20210414 17:40:34.412"/>
</kw>
<status status="PASS" starttime="20210414 17:40:34.358" endtime="20210414 17:40:34.412"/>
</kw>
<kw name="Clicar no botão Pesquisar" library="Resource">
<kw name="Click Element" library="SeleniumLibrary">
<arg>name=submit_search</arg>
<doc>Click the element identified by ``locator``.</doc>
<msg timestamp="20210414 17:40:34.414" level="INFO">Clicking element 'name=submit_search'.</msg>
<status status="PASS" starttime="20210414 17:40:34.413" endtime="20210414 17:40:37.259"/>
</kw>
<status status="PASS" starttime="20210414 17:40:34.413" endtime="20210414 17:40:37.259"/>
</kw>
<kw name="Conferir mensagem de erro &quot;No results were found for your search &quot;itemNãoExistente&quot;&quot;" library="Resource" sourcename="Conferir mensagem de erro &quot;${MENSAGEM_ALERTA}&quot;">
<kw name="Wait Until Element Is Visible" library="SeleniumLibrary">
<arg>//*[@id="center_column"]//p[@class='alert alert-warning']</arg>
<doc>Waits until the element ``locator`` is visible.</doc>
<status status="PASS" starttime="20210414 17:40:37.261" endtime="20210414 17:40:37.308"/>
</kw>
<kw name="Element Text Should Be" library="SeleniumLibrary">
<arg>//*[@id="center_column"]//p[@class='alert alert-warning']</arg>
<arg>${MENSAGEM_ALERTA}</arg>
<doc>Verifies that element ``locator`` contains exact the text ``expected``.</doc>
<msg timestamp="20210414 17:40:37.309" level="INFO">Verifying element '//*[@id="center_column"]//p[@class='alert alert-warning']' contains exact text 'No results were found for your search "itemNãoExistente"'.</msg>
<status status="PASS" starttime="20210414 17:40:37.309" endtime="20210414 17:40:37.336"/>
</kw>
<kw name="Title Should Be" library="SeleniumLibrary">
<arg>Search - My Store</arg>
<doc>Verifies that the current page title equals ``title``.</doc>
<msg timestamp="20210414 17:40:37.339" level="INFO">Page title is 'Search - My Store'.</msg>
<status status="PASS" starttime="20210414 17:40:37.336" endtime="20210414 17:40:37.339"/>
</kw>
<status status="PASS" starttime="20210414 17:40:37.261" endtime="20210414 17:40:37.339"/>
</kw>
<kw name="Fechar navegador" library="Resource" type="TEARDOWN">
<kw name="Close Browser" library="SeleniumLibrary">
<doc>Closes the current browser.</doc>
<status status="PASS" starttime="20210414 17:40:37.340" endtime="20210414 17:40:38.361"/>
</kw>
<status status="PASS" starttime="20210414 17:40:37.340" endtime="20210414 17:40:38.361"/>
</kw>
<status status="PASS" starttime="20210414 17:40:20.781" endtime="20210414 17:40:38.362"/>
</test>
<status status="PASS" starttime="20210414 17:40:03.251" endtime="20210414 17:40:38.364"/>
</suite>
<statistics>
<total>
<stat pass="2" fail="0" skip="0">All Tests</stat>
</total>
<tag>
</tag>
<suite>
<stat pass="2" fail="0" skip="0" id="s1" name="TestSitePractice">TestSitePractice</stat>
</suite>
</statistics>
<errors>
</errors>
</robot>
