<?xml version="1.0" encoding="UTF-8"?>
<robot generator="Robot 4.0.1 (Python 3.9.4 on win32)" generated="20210414 20:41:32.399" rpa="false" schemaversion="2">
<suite id="s1" name="Tests" source="C:\Projetos\Robot\SuiteSiteTestePractice\tests">
<suite id="s1-s1" name="TestSitePractice" source="C:\Projetos\Robot\SuiteSiteTestePractice\tests\TestSitePractice.robot">
<test id="s1-s1-t1" name="Caso de Teste 03: Listar produtos">
<kw name="Abrir navegador" library="Resource" type="SETUP">
<kw name="Open Browser" library="SeleniumLibrary">
<arg>http://automationpractice.com</arg>
<arg>${BROWSER}</arg>
<doc>Opens a new browser instance to the optional ``url``.</doc>
<msg timestamp="20210414 20:41:32.643" level="INFO">Opening browser 'firefox' to base url 'http://automationpractice.com'.</msg>
<msg timestamp="20210414 20:41:32.645" level="INFO">Firefox driver log is always forced to to: C:\Projetos\Robot\SuiteSiteTestePractice\results\geckodriver-21.log</msg>
<status status="PASS" starttime="20210414 20:41:32.643" endtime="20210414 20:41:42.843"/>
</kw>
<status status="PASS" starttime="20210414 20:41:32.643" endtime="20210414 20:41:42.843"/>
</kw>
<kw name="Acessar a página home do site" library="Resource">
<kw name="Go To" library="SeleniumLibrary">
<arg>${URL}</arg>
<doc>Navigates the current browser window to the provided ``url``.</doc>
<msg timestamp="20210414 20:41:42.846" level="INFO">Opening url 'http://automationpractice.com'</msg>
<status status="PASS" starttime="20210414 20:41:42.845" endtime="20210414 20:41:44.906"/>
</kw>
<kw name="Title Should Be" library="SeleniumLibrary">
<arg>My Store</arg>
<doc>Verifies that the current page title equals ``title``.</doc>
<msg timestamp="20210414 20:41:44.915" level="INFO">Page title is 'My Store'.</msg>
<status status="PASS" starttime="20210414 20:41:44.906" endtime="20210414 20:41:44.915"/>
</kw>
<status status="PASS" starttime="20210414 20:41:42.844" endtime="20210414 20:41:44.916"/>
</kw>
<kw name="Passar o mouse por cima da categoria &quot;Women&quot; no menu principal superior de categorias" library="Resource" sourcename="Passar o mouse por cima da categoria &quot;${CATEGORIA}&quot; no menu principal superior de categorias">
<kw name="Wait Until Element Is Visible" library="SeleniumLibrary">
<arg>xpath=//*[@id="block_top_menu"]//a[@title="${CATEGORIA}"]</arg>
<doc>Waits until the element ``locator`` is visible.</doc>
<status status="PASS" starttime="20210414 20:41:44.917" endtime="20210414 20:41:44.971"/>
</kw>
<kw name="Mouse Over" library="SeleniumLibrary">
<arg>xpath=//*[@id="block_top_menu"]//a[@title="${CATEGORIA}"]</arg>
<doc>Simulates hovering the mouse over the element ``locator``.</doc>
<msg timestamp="20210414 20:41:44.971" level="INFO">Simulating Mouse Over on element 'xpath=//*[@id="block_top_menu"]//a[@title="Women"]'.</msg>
<status status="PASS" starttime="20210414 20:41:44.971" endtime="20210414 20:41:45.253"/>
</kw>
<status status="PASS" starttime="20210414 20:41:44.917" endtime="20210414 20:41:45.253"/>
</kw>
<kw name="Clicar na sub categoria &quot;Summer Dresses&quot;" library="Resource" sourcename="Clicar na sub categoria &quot;${CATEGORIA}&quot;">
<kw name="Wait Until Element Is Visible" library="SeleniumLibrary">
<arg>xpath=//*[@id="block_top_menu"]//a[@title="${CATEGORIA}"]</arg>
<doc>Waits until the element ``locator`` is visible.</doc>
<status status="PASS" starttime="20210414 20:41:45.255" endtime="20210414 20:41:45.504"/>
</kw>
<kw name="Click Element" library="SeleniumLibrary">
<arg>xpath=//*[@id="block_top_menu"]//a[@title="${CATEGORIA}"]</arg>
<doc>Click the element identified by ``locator``.</doc>
<msg timestamp="20210414 20:41:45.505" level="INFO">Clicking element 'xpath=//*[@id="block_top_menu"]//a[@title="Summer Dresses"]'.</msg>
<status status="PASS" starttime="20210414 20:41:45.504" endtime="20210414 20:41:48.007"/>
</kw>
<status status="PASS" starttime="20210414 20:41:45.254" endtime="20210414 20:41:48.007"/>
</kw>
<status status="PASS" starttime="20210414 20:41:32.642" endtime="20210414 20:41:48.008"/>
</test>
<status status="PASS" starttime="20210414 20:41:32.433" endtime="20210414 20:41:48.010"/>
</suite>
<status status="PASS" starttime="20210414 20:41:32.401" endtime="20210414 20:41:48.012"/>
</suite>
<statistics>
<total>
<stat pass="1" fail="0" skip="0">All Tests</stat>
</total>
<tag>
</tag>
<suite>
<stat pass="1" fail="0" skip="0" id="s1" name="Tests">Tests</stat>
<stat pass="1" fail="0" skip="0" id="s1-s1" name="TestSitePractice">Tests.TestSitePractice</stat>
</suite>
</statistics>
<errors>
</errors>
</robot>
