<?xml version="1.0" encoding="UTF-8"?>
<robot generator="Robot 4.0.1 (Python 3.9.4 on win32)" generated="20210415 11:40:18.239" rpa="false" schemaversion="2">
<suite id="s1" name="Tests" source="C:\Projetos\Robot\SuiteSiteTestePractice\tests">
<suite id="s1-s1" name="TestSitePractice" source="C:\Projetos\Robot\SuiteSiteTestePractice\tests\TestSitePractice.robot">
<test id="s1-s1-t1" name="Caso de Teste 03: Listar produtos">
<kw name="Abrir navegador" library="Resource" type="SETUP">
<kw name="Open Browser" library="SeleniumLibrary">
<arg>${URL}</arg>
<arg>${BROWSER}</arg>
<doc>Opens a new browser instance to the optional ``url``.</doc>
<msg timestamp="20210415 11:40:18.469" level="INFO">Opening browser 'firefox' to base url 'http://automationpractice.com'.</msg>
<msg timestamp="20210415 11:40:18.471" level="INFO">Firefox driver log is always forced to to: C:\Projetos\Robot\SuiteSiteTestePractice\results\geckodriver-25.log</msg>
<status status="PASS" starttime="20210415 11:40:18.468" endtime="20210415 11:40:28.455"/>
</kw>
<status status="PASS" starttime="20210415 11:40:18.468" endtime="20210415 11:40:28.455"/>
</kw>
<kw name="Acessar a página home do site" library="Resource">
<kw name="Go To" library="SeleniumLibrary">
<arg>${URL}</arg>
<doc>Navigates the current browser window to the provided ``url``.</doc>
<msg timestamp="20210415 11:40:28.457" level="INFO">Opening url 'http://automationpractice.com'</msg>
<status status="PASS" starttime="20210415 11:40:28.457" endtime="20210415 11:40:30.254"/>
</kw>
<kw name="Title Should Be" library="SeleniumLibrary">
<arg>My Store</arg>
<doc>Verifies that the current page title equals ``title``.</doc>
<msg timestamp="20210415 11:40:30.258" level="INFO">Page title is 'My Store'.</msg>
<status status="PASS" starttime="20210415 11:40:30.254" endtime="20210415 11:40:30.258"/>
</kw>
<status status="PASS" starttime="20210415 11:40:28.456" endtime="20210415 11:40:30.258"/>
</kw>
<kw name="Passar o mouse por cima da categoria &quot;Women&quot; no menu principal superior de categorias" library="Resource" sourcename="Passar o mouse por cima da categoria &quot;${CATEGORIA}&quot; no menu principal superior de categorias">
<kw name="Wait Until Element Is Visible" library="SeleniumLibrary">
<arg>xpath=//*[@id="block_top_menu"]//a[@title="${CATEGORIA}"]</arg>
<doc>Waits until the element ``locator`` is visible.</doc>
<status status="PASS" starttime="20210415 11:40:30.260" endtime="20210415 11:40:30.305"/>
</kw>
<kw name="Mouse Over" library="SeleniumLibrary">
<arg>xpath=//*[@id="block_top_menu"]//a[@title="${CATEGORIA}"]</arg>
<doc>Simulates hovering the mouse over the element ``locator``.</doc>
<msg timestamp="20210415 11:40:30.305" level="INFO">Simulating Mouse Over on element 'xpath=//*[@id="block_top_menu"]//a[@title="Women"]'.</msg>
<status status="PASS" starttime="20210415 11:40:30.305" endtime="20210415 11:40:30.598"/>
</kw>
<status status="PASS" starttime="20210415 11:40:30.259" endtime="20210415 11:40:30.598"/>
</kw>
<kw name="Clicar na sub categoria &quot;Summer Dresses&quot;" library="Resource" sourcename="Clicar na sub categoria &quot;${CATEGORIA}&quot;">
<kw name="Wait Until Element Is Visible" library="SeleniumLibrary">
<arg>xpath=//*[@id="block_top_menu"]//a[@title="${CATEGORIA}"]</arg>
<doc>Waits until the element ``locator`` is visible.</doc>
<status status="PASS" starttime="20210415 11:40:30.600" endtime="20210415 11:40:30.836"/>
</kw>
<kw name="Click Element" library="SeleniumLibrary">
<arg>xpath=//*[@id="block_top_menu"]//a[@title="${CATEGORIA}"]</arg>
<doc>Click the element identified by ``locator``.</doc>
<msg timestamp="20210415 11:40:30.837" level="INFO">Clicking element 'xpath=//*[@id="block_top_menu"]//a[@title="Summer Dresses"]'.</msg>
<status status="PASS" starttime="20210415 11:40:30.837" endtime="20210415 11:40:32.719"/>
</kw>
<status status="PASS" starttime="20210415 11:40:30.600" endtime="20210415 11:40:32.719"/>
</kw>
<kw name="Conferir se os produtos da categoria &quot;Summer Dresses&quot; foram listados no site" library="Resource" sourcename="Conferir se os produtos da categoria &quot;${CATEGORIA}&quot; foram listados no site">
<kw name="Wait Until Element Is Visible" library="SeleniumLibrary">
<arg>css=#center_column &gt; h1</arg>
<doc>Waits until the element ``locator`` is visible.</doc>
<status status="PASS" starttime="20210415 11:40:32.721" endtime="20210415 11:40:32.743"/>
</kw>
<kw name="Title Should Be" library="SeleniumLibrary">
<arg>Summer Dresses - My Store</arg>
<doc>Verifies that the current page title equals ``title``.</doc>
<msg timestamp="20210415 11:40:32.748" level="INFO">Page title is 'Summer Dresses - My Store'.</msg>
<status status="PASS" starttime="20210415 11:40:32.744" endtime="20210415 11:40:32.748"/>
</kw>
<kw name="Page Should Contain Image" library="SeleniumLibrary">
<arg>//*[@id="center_column"]//*[@src='${URL}/img/p/1/2/12-home_default.jpg']</arg>
<doc>Verifies image identified by ``locator`` is found from current page.</doc>
<msg timestamp="20210415 11:40:32.755" level="INFO">Current page contains image '//*[@id="center_column"]//*[@src='http://automationpractice.com/img/p/1/2/12-home_default.jpg']'.</msg>
<status status="PASS" starttime="20210415 11:40:32.748" endtime="20210415 11:40:32.755"/>
</kw>
<status status="PASS" starttime="20210415 11:40:32.720" endtime="20210415 11:40:32.755"/>
</kw>
<status status="PASS" starttime="20210415 11:40:18.467" endtime="20210415 11:40:32.756"/>
</test>
<status status="PASS" starttime="20210415 11:40:18.267" endtime="20210415 11:40:32.758"/>
</suite>
<status status="PASS" starttime="20210415 11:40:18.240" endtime="20210415 11:40:32.762"/>
</suite>
<statistics>
<total>
<stat pass="1" fail="0" skip="0">All Tests</stat>
</total>
<tag>
</tag>
<suite>
<stat pass="1" fail="0" skip="0" id="s1" name="Tests">Tests</stat>
<stat pass="1" fail="0" skip="0" id="s1-s1" name="TestSitePractice">Tests.TestSitePractice</stat>
</suite>
</statistics>
<errors>
</errors>
</robot>
